[debug] [2018-07-06T15:18:11.965Z] ----------------------------------------------------------------------
[debug] [2018-07-06T15:18:11.967Z] Command:       C:\Program Files\nodejs\node.exe C:\Users\reir8p\AppData\Roaming\npm\node_modules\firebase-tools\bin\firebase deploy
[debug] [2018-07-06T15:18:11.968Z] CLI Version:   3.18.6
[debug] [2018-07-06T15:18:11.968Z] Platform:      win32
[debug] [2018-07-06T15:18:11.968Z] Node Version:  v8.9.4
[debug] [2018-07-06T15:18:11.968Z] Time:          Fri Jul 06 2018 11:18:11 GMT-0400 (Eastern Daylight Time)
[debug] [2018-07-06T15:18:11.968Z] ----------------------------------------------------------------------
[debug] 
[debug] [2018-07-06T15:18:11.989Z] > command requires scopes: ["email","openid","https://www.googleapis.com/auth/cloudplatformprojects.readonly","https://www.googleapis.com/auth/firebase","https://www.googleapis.com/auth/cloud-platform"]
[debug] [2018-07-06T15:18:11.990Z] > authorizing via signed-in user
[debug] [2018-07-06T15:18:11.993Z] > refreshing access token with scopes: ["email","https://www.googleapis.com/auth/cloud-platform","https://www.googleapis.com/auth/cloudplatformprojects.readonly","https://www.googleapis.com/auth/firebase","openid"]
[debug] [2018-07-06T15:18:11.993Z] >>> HTTP REQUEST POST https://www.googleapis.com/oauth2/v3/token  
 { refresh_token: '1/-Co-X25DkW2BsyQ7pdswYy1x3emDXOY5roi-Uxv5_us',
  client_id: '563584335869-fgrhgmd47bqnekij5i8b5pr03ho849e6.apps.googleusercontent.com',
  client_secret: 'j9iVZfS8kkCEFUPaAeJV0sAi',
  grant_type: 'refresh_token',
  scope: 'email https://www.googleapis.com/auth/cloud-platform https://www.googleapis.com/auth/cloudplatformprojects.readonly https://www.googleapis.com/auth/firebase openid' } 
 Fri Jul 06 2018 11:18:11 GMT-0400 (Eastern Daylight Time)
[debug] [2018-07-06T15:18:12.230Z] <<< HTTP RESPONSE 200
[debug] [2018-07-06T15:18:12.251Z] >>> HTTP REQUEST GET https://admin.firebase.com/v1/projects/nicu-portal-staging  
  
 Fri Jul 06 2018 11:18:12 GMT-0400 (Eastern Daylight Time)
[debug] [2018-07-06T15:18:12.672Z] <<< HTTP RESPONSE 200
[debug] [2018-07-06T15:18:12.674Z] >>> HTTP REQUEST GET https://admin.firebase.com/v1/database/nicu-portal-staging/tokens  
  
 Fri Jul 06 2018 11:18:12 GMT-0400 (Eastern Daylight Time)
[debug] [2018-07-06T15:18:12.993Z] <<< HTTP RESPONSE 200
[info] 
[info] === Deploying to 'nicu-portal-staging'...
[info] 
[info] i  deploying functions, hosting
[debug] [2018-07-06T15:18:16.692Z] > [functions] package.json contents: {
  "name": "functions",
  "description": "Cloud Functions for Firebase",
  "dependencies": {
    "@google-cloud/language": "^1.2.0",
    "@google-cloud/storage": "^1.6.0",
    "@google-cloud/vision": "^0.19.0",
    "child-process-promise": "^2.2.1",
    "firebase-admin": "~5.12.0",
    "firebase-functions": "^1.0.1"
  },
  "scripts": {
    "serve": "firebase serve --only functions",
    "shell": "firebase functions:shell",
    "start": "npm run shell",
    "deploy": "firebase deploy --only functions",
    "logs": "firebase functions:log"
  },
  "private": true
}
[info] i  functions: ensuring necessary APIs are enabled...
[debug] [2018-07-06T15:18:16.694Z] >>> HTTP REQUEST GET https://servicemanagement.googleapis.com/v1/services/cloudfunctions.googleapis.com/projectSettings/nicu-portal-staging?view=CONSUMER_VIEW  
  
 Fri Jul 06 2018 11:18:16 GMT-0400 (Eastern Daylight Time)
[debug] [2018-07-06T15:18:16.694Z] >>> HTTP REQUEST GET https://servicemanagement.googleapis.com/v1/services/runtimeconfig.googleapis.com/projectSettings/nicu-portal-staging?view=CONSUMER_VIEW  
  
 Fri Jul 06 2018 11:18:16 GMT-0400 (Eastern Daylight Time)
[debug] [2018-07-06T15:18:17.426Z] <<< HTTP RESPONSE 200
[info] +  functions: all necessary APIs are enabled
[debug] [2018-07-06T15:18:17.778Z] <<< HTTP RESPONSE 200
[debug] [2018-07-06T15:18:17.781Z] >>> HTTP REQUEST GET https://cloudresourcemanager.googleapis.com/v1/projects/nicu-portal-staging  
  
 Fri Jul 06 2018 11:18:17 GMT-0400 (Eastern Daylight Time)
[debug] [2018-07-06T15:18:18.124Z] <<< HTTP RESPONSE 200
[debug] [2018-07-06T15:18:18.126Z] >>> HTTP REQUEST GET https://mobilesdk-pa.googleapis.com/v1/projects/191848905130:getServerAppConfig  
  
 Fri Jul 06 2018 11:18:18 GMT-0400 (Eastern Daylight Time)
[debug] [2018-07-06T15:18:18.523Z] <<< HTTP RESPONSE 200
[info] i  functions: preparing functions directory for uploading...
[info] i  functions: packaged functions (1.81 KB) for uploading
[debug] [2018-07-06T15:18:18.943Z] >>> HTTP REQUEST POST https://cloudfunctions.googleapis.com/v1/projects/nicu-portal-staging/locations/us-central1/functions:generateUploadUrl  
  
 Fri Jul 06 2018 11:18:18 GMT-0400 (Eastern Daylight Time)
[debug] [2018-07-06T15:18:19.434Z] <<< HTTP RESPONSE 200
[debug] [2018-07-06T15:18:19.436Z] >>> HTTP REQUEST PUT https://storage.googleapis.com/gcf-upload-us-central1-1913a527-9292-46dd-b092-456df314383b/bf2fb50e-25c4-489d-a235-69855c00a469.zip?GoogleAccessId=service-191848905130@gcf-admin-robot.iam.gserviceaccount.com&Expires=1530892099&Signature=Oek1TM7hbmoJrBCV%2B0w2eLYeK7oFJ%2B6mNYLDlFrX6Qie8gT9sIK9sbQMefFe2Q7eW89B1VedEE4dj9fzfOYUIQflso0I2Vjn613%2BmYeyYNBv1gQbZvs2r2TABvYGC402LsnEQytUbLt0bpkdKg0vjGbmv0%2B8pCvUzzG1h87i2cEFRyT7QZk5fMPV9MB%2FePSwsph7XEPWaE36tReOhcPV1mCLBJJddm3durVVnpfLlyczLVBQPmpv1SBbwayZbShO5Q22JapPcwQy72qrhIDdgRE6UrnQQr3ElEGkzfHMFZPoTduA5mquuu%2FwpgcQn9f7t5VBj%2B6FoPuI6JAaAI2TbQ%3D%3D  
 ReadStream {
  _readableState: 
   ReadableState {
     objectMode: false,
     highWaterMark: 65536,
     buffer: BufferList { head: [Object], tail: [Object], length: 1 },
     length: 1851,
     pipes: null,
     pipesCount: 0,
     flowing: null,
     ended: true,
     endEmitted: false,
     reading: false,
     sync: false,
     needReadable: false,
     emittedReadable: true,
     readableListening: false,
     resumeScheduled: false,
     destroyed: false,
     defaultEncoding: 'utf8',
     awaitDrain: 0,
     readingMore: false,
     decoder: null,
     encoding: null },
  readable: true,
  domain: null,
  _events: { end: [Function] },
  _eventsCount: 1,
  _maxListeners: undefined,
  path: 'C:\\Users\\reir8p\\AppData\\Local\\Temp\\firebase-functions-18936lmcC0sOFkqTv.zip',
  fd: 5,
  flags: 'r',
  mode: 438,
  start: undefined,
  end: undefined,
  autoClose: true,
  pos: undefined,
  bytesRead: 1851 } 
 Fri Jul 06 2018 11:18:19 GMT-0400 (Eastern Daylight Time)
[warn] !  functions: Upload Error: Server Error. unable to get local issuer certificate
[debug] [2018-07-06T15:18:19.716Z] Error: unable to get local issuer certificate
    at TLSSocket.<anonymous> (_tls_wrap.js:1103:38)
    at emitNone (events.js:106:13)
    at TLSSocket.emit (events.js:208:7)
    at TLSSocket._finishInit (_tls_wrap.js:637:8)
    at TLSWrap.ssl.onhandshakedone (_tls_wrap.js:467:38)
[error] 
[error] Error: Server Error. unable to get local issuer certificate
